[2m18:34:12[22m [31m[1m[vite][22m[39m [31m[2m(client)[22m[39m [2m[console.error] [22mEncountered two children with the same key, `/strategy`. Keys should be unique so that components maintain their identity across updates. Non-unique keys may cause children to be duplicated and/or omitted — the behavior is unsupported and could change in a future version.
[2m18:34:12[22m [31m[1m[vite][22m[39m [31m[2m(client)[22m[39m [2m[console.error] [22mEncountered two children with the same key, `/strategy`. Keys should be unique so that components maintain their identity across updates. Non-unique keys may cause children to be duplicated and/or omitted — the behavior is unsupported and could change in a future version.
[2m18:34:14[22m [31m[1m[vite][22m[39m [31m[2m(client)[22m[39m [2m[console.error] [22mEncountered two children with the same key, `/strategy`. Keys should be unique so that components maintain their identity across updates. Non-unique keys may cause children to be duplicated and/or omitted — the behavior is unsupported and could change in a future version.
[2m18:34:14[22m [31m[1m[vite][22m[39m [31m[2m(client)[22m[39m [2m[console.error] [22mEncountered two children with the same key, `/strategy`. Keys should be unique so that components maintain their identity across updates. Non-unique keys may cause children to be duplicated and/or omitted — the behavior is unsupported and could change in a future version.
[2m18:34:15[22m [31m[1m[vite][22m[39m [31m[2m(client)[22m[39m [2m[console.error] [22mEncountered two children with the same key, `/strategy`. Keys should be unique so that components maintain their identity across updates. Non-unique keys may cause children to be duplicated and/or omitted — the behavior is unsupported and could change in a future version.
[2m18:34:15[22m [31m[1m[vite][22m[39m [31m[2m(client)[22m[39m [2m[console.error] [22mEncountered two children with the same key, `/strategy`. Keys should be unique so that components maintain their identity across updates. Non-unique keys may cause children to be duplicated and/or omitted — the behavior is unsupported and could change in a future version.
[2m18:37:08[22m [31m[1m[vite][22m[39m [31m[2m(client)[22m[39m [2m[console.error] [22mEncountered two children with the same key, `/strategy`. Keys should be unique so that components maintain their identity across updates. Non-unique keys may cause children to be duplicated and/or omitted — the behavior is unsupported and could change in a future version.
[2m18:37:08[22m [31m[1m[vite][22m[39m [31m[2m(client)[22m[39m [2m[console.error] [22mEncountered two children with the same key, `/strategy`. Keys should be unique so that components maintain their identity across updates. Non-unique keys may cause children to be duplicated and/or omitted — the behavior is unsupported and could change in a future version.
[2m18:37:11[22m [31m[1m[vite][22m[39m [31m[2m(client)[22m[39m [2m[console.error] [22mEncountered two children with the same key, `/strategy`. Keys should be unique so that components maintain their identity across updates. Non-unique keys may cause children to be duplicated and/or omitted — the behavior is unsupported and could change in a future version.
[2m18:37:11[22m [31m[1m[vite][22m[39m [31m[2m(client)[22m[39m [2m[console.error] [22mEncountered two children with the same key, `/strategy`. Keys should be unique so that components maintain their identity across updates. Non-unique keys may cause children to be duplicated and/or omitted — the behavior is unsupported and could change in a future version.
[2m18:37:11[22m [31m[1m[vite][22m[39m [31m[2m(client)[22m[39m [2m[console.error] [22mEncountered two children with the same key, `/strategy`. Keys should be unique so that components maintain their identity across updates. Non-unique keys may cause children to be duplicated and/or omitted — the behavior is unsupported and could change in a future version.
[2m18:37:11[22m [31m[1m[vite][22m[39m [31m[2m(client)[22m[39m [2m[console.error] [22mEncountered two children with the same key, `/strategy`. Keys should be unique so that components maintain their identity across updates. Non-unique keys may cause children to be duplicated and/or omitted — the behavior is unsupported and could change in a future version.
[2m18:38:02[22m [31m[1m[vite][22m[39m [31m[2m(client)[22m[39m [2m[console.error] [22mEncountered two children with the same key, `/strategy`. Keys should be unique so that components maintain their identity across updates. Non-unique keys may cause children to be duplicated and/or omitted — the behavior is unsupported and could change in a future version.
[2m18:38:02[22m [31m[1m[vite][22m[39m [31m[2m(client)[22m[39m [2m[console.error] [22mEncountered two children with the same key, `/strategy`. Keys should be unique so that components maintain their identity across updates. Non-unique keys may cause children to be duplicated and/or omitted — the behavior is unsupported and could change in a future version.
[2m18:53:42[22m [31m[1m[vite][22m[39m [31m[2m(client)[22m[39m Pre-transform error: Failed to load url /src/lib/i18n.ts (resolved id: F:/hackthon/frontend/src/lib/i18n.ts) in F:/hackthon/frontend/src/components/SystemChrome.tsx. Does the file exist?
[2m18:53:42[22m [31m[1m[vite][22m[39m [31m[2m(client)[22m[39m Pre-transform error: Failed to load url /src/lib/i18n.ts (resolved id: F:/hackthon/frontend/src/lib/i18n.ts) in F:/hackthon/frontend/src/components/SystemChrome.tsx. Does the file exist?
[2m18:53:42[22m [31m[1m[vite][22m[39m [31m[2m(client)[22m[39m Pre-transform error: Failed to load url /src/lib/i18n.ts (resolved id: F:/hackthon/frontend/src/lib/i18n.ts) in F:/hackthon/frontend/src/components/SystemChrome.tsx. Does the file exist?
[2m18:53:42[22m [31m[1m[vite][22m[39m [31m[2m(client)[22m[39m Pre-transform error: Failed to load url /src/lib/i18n.ts (resolved id: F:/hackthon/frontend/src/lib/i18n.ts) in F:/hackthon/frontend/src/components/SystemChrome.tsx. Does the file exist?
[2m18:53:42[22m [31m[1m[vite][22m[39m [31m[2m(client)[22m[39m Pre-transform error: Failed to load url /src/lib/i18n.ts (resolved id: F:/hackthon/frontend/src/lib/i18n.ts) in F:/hackthon/frontend/src/components/SystemChrome.tsx. Does the file exist?
[2m18:53:42[22m [31m[1m[vite][22m[39m [31m[2m(client)[22m[39m Pre-transform error: Failed to load url /src/lib/i18n.ts (resolved id: F:/hackthon/frontend/src/lib/i18n.ts) in F:/hackthon/frontend/src/components/SystemChrome.tsx. Does the file exist?
[2m18:53:42[22m [31m[1m[vite][22m[39m [31m[2m(client)[22m[39m [2m[console.error] [22m[vite] Failed to reload /src/pages/StrategyPage.tsx. This could be due to syntax errors or importing non-existent modules. (see errors above)
[2m18:53:42[22m [31m[1m[vite][22m[39m [31m[2m(client)[22m[39m [2m[console.error] [22m[vite] Failed to reload /src/components/SystemChrome.tsx. This could be due to syntax errors or importing non-existent modules. (see errors above)
[2m18:53:42[22m [31m[1m[vite][22m[39m [31m[2m(client)[22m[39m [2m[console.error] [22m[vite] Failed to reload /src/pages/LandingPage.tsx. This could be due to syntax errors or importing non-existent modules. (see errors above)
[2m18:53:42[22m [31m[1m[vite][22m[39m [31m[2m(client)[22m[39m [2m[console.error] [22m[vite] Failed to reload /src/components/SimulationGraph.tsx. This could be due to syntax errors or importing non-existent modules. (see errors above)
[2m18:53:42[22m [31m[1m[vite][22m[39m [31m[2m(client)[22m[39m [2m[console.error] [22m[vite] Failed to reload /src/pages/SimulationPage.tsx. This could be due to syntax errors or importing non-existent modules. (see errors above)
[2m19:09:19[22m [31m[1m[vite][22m[39m [31m[2m(client)[22m[39m Pre-transform error: Failed to resolve import "../lib/i18n" from "src/components/SimulationGraph.tsx". Does the file exist?
  Plugin: [35mvite:import-analysis[39m
  File: [36mF:/hackthon/frontend/src/components/SimulationGraph.tsx[39m:21:7
[33m  1  |  import { useEffect, useRef, useState } from "react";
  2  |  import { buildGraphViewModel, describeEdge, getEdgeLabelPosition, getEdgePath } from "../lib/graph";
  3  |  ...tPhaseLabel, formatRelationLabel, formatStatusLabel } from "../lib/i18n";
     |                                                                 ^
  4  |  var _jsxFileName = "F:/hackthon/frontend/src/components/SimulationGraph.tsx";
  5  |  import { jsxDEV as _jsxDEV } from "react/jsx-dev-runtime";[39m
[2m19:09:19[22m [31m[1m[vite][22m[39m [31mInternal server error: Failed to resolve import "../lib/i18n" from "src/components/SimulationGraph.tsx". Does the file exist?[39m
  Plugin: [35mvite:import-analysis[39m
  File: [36mF:/hackthon/frontend/src/components/SimulationGraph.tsx[39m:21:7
[33m  1  |  import { useEffect, useRef, useState } from "react";
  2  |  import { buildGraphViewModel, describeEdge, getEdgeLabelPosition, getEdgePath } from "../lib/graph";
  3  |  ...tPhaseLabel, formatRelationLabel, formatStatusLabel } from "../lib/i18n";
     |                                                                 ^
  4  |  var _jsxFileName = "F:/hackthon/frontend/src/components/SimulationGraph.tsx";
  5  |  import { jsxDEV as _jsxDEV } from "react/jsx-dev-runtime";[39m
      at TransformPluginContext._formatLog (file:///F:/hackthon/frontend/node_modules/vite/dist/node/chunks/node.js:30354:39)
      at TransformPluginContext.error (file:///F:/hackthon/frontend/node_modules/vite/dist/node/chunks/node.js:30351:14)
      at normalizeUrl (file:///F:/hackthon/frontend/node_modules/vite/dist/node/chunks/node.js:27633:18)
      at async file:///F:/hackthon/frontend/node_modules/vite/dist/node/chunks/node.js:27696:30
      at async Promise.all (index 2)
      at async TransformPluginContext.transform (file:///F:/hackthon/frontend/node_modules/vite/dist/node/chunks/node.js:27664:4)
      at async EnvironmentPluginContainer.transform (file:///F:/hackthon/frontend/node_modules/vite/dist/node/chunks/node.js:30143:14)
      at async loadAndTransform (file:///F:/hackthon/frontend/node_modules/vite/dist/node/chunks/node.js:24468:26)
[2m19:09:19[22m [31m[1m[vite][22m[39m [31m[2m(client)[22m[39m [2m[console.error] [22m[vite] Failed to reload /src/components/SimulationGraph.tsx. This could be due to syntax errors or importing non-existent modules. (see errors above)
[2m19:09:19[22m [31m[1m[vite][22m[39m [31mInternal server error: Failed to resolve import "../lib/i18n" from "src/components/SystemChrome.tsx". Does the file exist?[39m
  Plugin: [35mvite:import-analysis[39m
  File: [36mF:/hackthon/frontend/src/components/SystemChrome.tsx[39m:3:34
[33m  1  |  import { Link, NavLink } from "react-router-dom";
  2  |  import { formatStatusLabel } from "../lib/i18n";
     |                                     ^
  3  |  var _jsxFileName = "F:/hackthon/frontend/src/components/SystemChrome.tsx";
  4  |  import { jsxDEV as _jsxDEV } from "react/jsx-dev-runtime";[39m
      at TransformPluginContext._formatLog (file:///F:/hackthon/frontend/node_modules/vite/dist/node/chunks/node.js:30354:39)
      at TransformPluginContext.error (file:///F:/hackthon/frontend/node_modules/vite/dist/node/chunks/node.js:30351:14)
      at normalizeUrl (file:///F:/hackthon/frontend/node_modules/vite/dist/node/chunks/node.js:27633:18)
      at async file:///F:/hackthon/frontend/node_modules/vite/dist/node/chunks/node.js:27696:30
      at async Promise.all (index 1)
      at async TransformPluginContext.transform (file:///F:/hackthon/frontend/node_modules/vite/dist/node/chunks/node.js:27664:4)
      at async EnvironmentPluginContainer.transform (file:///F:/hackthon/frontend/node_modules/vite/dist/node/chunks/node.js:30143:14)
      at async loadAndTransform (file:///F:/hackthon/frontend/node_modules/vite/dist/node/chunks/node.js:24468:26)
      at async viteTransformMiddleware (file:///F:/hackthon/frontend/node_modules/vite/dist/node/chunks/node.js:24262:20)
[2m19:09:19[22m [31m[1m[vite][22m[39m [31m[2m(client)[22m[39m [2m[console.error] [22m[vite] Failed to reload /src/components/SystemChrome.tsx. This could be due to syntax errors or importing non-existent modules. (see errors above)
[2m19:09:19[22m [31m[1m[vite][22m[39m [31m[2m(client)[22m[39m Pre-transform error: Failed to resolve import "../lib/i18n" from "src/components/SystemChrome.tsx". Does the file exist?
  Plugin: [35mvite:import-analysis[39m
  File: [36mF:/hackthon/frontend/src/components/SystemChrome.tsx[39m:3:34
[33m  1  |  import { Link, NavLink } from "react-router-dom";
  2  |  import { formatStatusLabel } from "../lib/i18n";
     |                                     ^
  3  |  var _jsxFileName = "F:/hackthon/frontend/src/components/SystemChrome.tsx";
  4  |  import { jsxDEV as _jsxDEV } from "react/jsx-dev-runtime";[39m
[2m19:09:19[22m [31m[1m[vite][22m[39m [31m[2m(client)[22m[39m Pre-transform error: Failed to resolve import "../lib/i18n" from "src/components/SystemChrome.tsx". Does the file exist?
  Plugin: [35mvite:import-analysis[39m
  File: [36mF:/hackthon/frontend/src/components/SystemChrome.tsx[39m:3:34
[33m  1  |  import { Link, NavLink } from "react-router-dom";
  2  |  import { formatStatusLabel } from "../lib/i18n";
     |                                     ^
  3  |  var _jsxFileName = "F:/hackthon/frontend/src/components/SystemChrome.tsx";
  4  |  import { jsxDEV as _jsxDEV } from "react/jsx-dev-runtime";[39m
[2m19:15:04[22m [31m[1m[vite][22m[39m [31mInternal server error: Failed to resolve import "../lib/i18n" from "src/pages/LandingPage.tsx". Does the file exist?[39m
  Plugin: [35mvite:import-analysis[39m
  File: [36mF:/hackthon/frontend/src/pages/LandingPage.tsx[39m:3:55
[33m  1  |  import { Link } from "react-router-dom";
  2  |  import { useDashboard } from "../hooks/useDashboard";
  3  |  import { formatProviderLabel, formatRuntimeMode } from "../lib/i18n";
     |                                                          ^
  4  |  var _jsxFileName = "F:/hackthon/frontend/src/pages/LandingPage.tsx";
  5  |  import { jsxDEV as _jsxDEV } from "react/jsx-dev-runtime";[39m
      at TransformPluginContext._formatLog (file:///F:/hackthon/frontend/node_modules/vite/dist/node/chunks/node.js:30354:39)
      at TransformPluginContext.error (file:///F:/hackthon/frontend/node_modules/vite/dist/node/chunks/node.js:30351:14)
      at normalizeUrl (file:///F:/hackthon/frontend/node_modules/vite/dist/node/chunks/node.js:27633:18)
      at async file:///F:/hackthon/frontend/node_modules/vite/dist/node/chunks/node.js:27696:30
      at async Promise.all (index 2)
      at async TransformPluginContext.transform (file:///F:/hackthon/frontend/node_modules/vite/dist/node/chunks/node.js:27664:4)
      at async EnvironmentPluginContainer.transform (file:///F:/hackthon/frontend/node_modules/vite/dist/node/chunks/node.js:30143:14)
      at async loadAndTransform (file:///F:/hackthon/frontend/node_modules/vite/dist/node/chunks/node.js:24468:26)
      at async viteTransformMiddleware (file:///F:/hackthon/frontend/node_modules/vite/dist/node/chunks/node.js:24262:20)
[2m19:15:04[22m [31m[1m[vite][22m[39m [31m[2m(client)[22m[39m [2m[console.error] [22m[vite] Failed to reload /src/pages/LandingPage.tsx. This could be due to syntax errors or importing non-existent modules. (see errors above)
[2m19:15:04[22m [31m[1m[vite][22m[39m [31m[2m(client)[22m[39m Pre-transform error: Failed to resolve import "../lib/i18n" from "src/pages/LandingPage.tsx". Does the file exist?
  Plugin: [35mvite:import-analysis[39m
  File: [36mF:/hackthon/frontend/src/pages/LandingPage.tsx[39m:3:55
[33m  1  |  import { Link } from "react-router-dom";
  2  |  import { useDashboard } from "../hooks/useDashboard";
  3  |  import { formatProviderLabel, formatRuntimeMode } from "../lib/i18n";
     |                                                          ^
  4  |  var _jsxFileName = "F:/hackthon/frontend/src/pages/LandingPage.tsx";
  5  |  import { jsxDEV as _jsxDEV } from "react/jsx-dev-runtime";[39m
[2m19:15:04[22m [31m[1m[vite][22m[39m [31m[2m(client)[22m[39m Pre-transform error: Failed to resolve import "../lib/i18n" from "src/pages/LandingPage.tsx". Does the file exist?
  Plugin: [35mvite:import-analysis[39m
  File: [36mF:/hackthon/frontend/src/pages/LandingPage.tsx[39m:3:55
[33m  1  |  import { Link } from "react-router-dom";
  2  |  import { useDashboard } from "../hooks/useDashboard";
  3  |  import { formatProviderLabel, formatRuntimeMode } from "../lib/i18n";
     |                                                          ^
  4  |  var _jsxFileName = "F:/hackthon/frontend/src/pages/LandingPage.tsx";
  5  |  import { jsxDEV as _jsxDEV } from "react/jsx-dev-runtime";[39m
[2m19:15:04[22m [31m[1m[vite][22m[39m [31mInternal server error: Failed to resolve import "../lib/i18n" from "src/pages/SimulationPage.tsx". Does the file exist?[39m
  Plugin: [35mvite:import-analysis[39m
  File: [36mF:/hackthon/frontend/src/pages/SimulationPage.tsx[39m:4:51
[33m  2  |  import { SimulationGraph } from "../components/SimulationGraph";
  3  |  import { useDashboard } from "../hooks/useDashboard";
  4  |  import { formatAxisLabel, formatRuntimeMode } from "../lib/i18n";
     |                                                      ^
  5  |  var _jsxFileName = "F:/hackthon/frontend/src/pages/SimulationPage.tsx";
  6  |  import { jsxDEV as _jsxDEV } from "react/jsx-dev-runtime";[39m
      at TransformPluginContext._formatLog (file:///F:/hackthon/frontend/node_modules/vite/dist/node/chunks/node.js:30354:39)
      at TransformPluginContext.error (file:///F:/hackthon/frontend/node_modules/vite/dist/node/chunks/node.js:30351:14)
      at normalizeUrl (file:///F:/hackthon/frontend/node_modules/vite/dist/node/chunks/node.js:27633:18)
      at async file:///F:/hackthon/frontend/node_modules/vite/dist/node/chunks/node.js:27696:30
      at async Promise.all (index 3)
      at async TransformPluginContext.transform (file:///F:/hackthon/frontend/node_modules/vite/dist/node/chunks/node.js:27664:4)
      at async EnvironmentPluginContainer.transform (file:///F:/hackthon/frontend/node_modules/vite/dist/node/chunks/node.js:30143:14)
      at async loadAndTransform (file:///F:/hackthon/frontend/node_modules/vite/dist/node/chunks/node.js:24468:26)
      at async viteTransformMiddleware (file:///F:/hackthon/frontend/node_modules/vite/dist/node/chunks/node.js:24262:20)
[2m19:15:04[22m [31m[1m[vite][22m[39m [31m[2m(client)[22m[39m [2m[console.error] [22m[vite] Failed to reload /src/pages/SimulationPage.tsx. This could be due to syntax errors or importing non-existent modules. (see errors above)
[2m19:15:04[22m [31m[1m[vite][22m[39m [31m[2m(client)[22m[39m Pre-transform error: Failed to resolve import "../lib/i18n" from "src/pages/SimulationPage.tsx". Does the file exist?
  Plugin: [35mvite:import-analysis[39m
  File: [36mF:/hackthon/frontend/src/pages/SimulationPage.tsx[39m:4:51
[33m  2  |  import { SimulationGraph } from "../components/SimulationGraph";
  3  |  import { useDashboard } from "../hooks/useDashboard";
  4  |  import { formatAxisLabel, formatRuntimeMode } from "../lib/i18n";
     |                                                      ^
  5  |  var _jsxFileName = "F:/hackthon/frontend/src/pages/SimulationPage.tsx";
  6  |  import { jsxDEV as _jsxDEV } from "react/jsx-dev-runtime";[39m
[2m19:15:04[22m [31m[1m[vite][22m[39m [31m[2m(client)[22m[39m Pre-transform error: Failed to resolve import "../lib/i18n" from "src/pages/SimulationPage.tsx". Does the file exist?
  Plugin: [35mvite:import-analysis[39m
  File: [36mF:/hackthon/frontend/src/pages/SimulationPage.tsx[39m:4:51
[33m  2  |  import { SimulationGraph } from "../components/SimulationGraph";
  3  |  import { useDashboard } from "../hooks/useDashboard";
  4  |  import { formatAxisLabel, formatRuntimeMode } from "../lib/i18n";
     |                                                      ^
  5  |  var _jsxFileName = "F:/hackthon/frontend/src/pages/SimulationPage.tsx";
  6  |  import { jsxDEV as _jsxDEV } from "react/jsx-dev-runtime";[39m
[2m19:15:04[22m [31m[1m[vite][22m[39m [31m[2m(client)[22m[39m Pre-transform error: Failed to resolve import "../lib/i18n" from "src/components/SimulationGraph.tsx". Does the file exist?
  Plugin: [35mvite:import-analysis[39m
  File: [36mF:/hackthon/frontend/src/components/SimulationGraph.tsx[39m:21:7
[33m  1  |  import { useEffect, useRef, useState } from "react";
  2  |  import { buildGraphViewModel, describeEdge, getEdgeLabelPosition, getEdgePath } from "../lib/graph";
  3  |  ...tPhaseLabel, formatRelationLabel, formatStatusLabel } from "../lib/i18n";
     |                                                                 ^
  4  |  var _jsxFileName = "F:/hackthon/frontend/src/components/SimulationGraph.tsx";
  5  |  import { jsxDEV as _jsxDEV } from "react/jsx-dev-runtime";[39m
[2m19:15:04[22m [31m[1m[vite][22m[39m [31m[2m(client)[22m[39m Pre-transform error: Failed to resolve import "../lib/i18n" from "src/components/SimulationGraph.tsx". Does the file exist?
  Plugin: [35mvite:import-analysis[39m
  File: [36mF:/hackthon/frontend/src/components/SimulationGraph.tsx[39m:21:7
[33m  1  |  import { useEffect, useRef, useState } from "react";
  2  |  import { buildGraphViewModel, describeEdge, getEdgeLabelPosition, getEdgePath } from "../lib/graph";
  3  |  ...tPhaseLabel, formatRelationLabel, formatStatusLabel } from "../lib/i18n";
     |                                                                 ^
  4  |  var _jsxFileName = "F:/hackthon/frontend/src/components/SimulationGraph.tsx";
  5  |  import { jsxDEV as _jsxDEV } from "react/jsx-dev-runtime";[39m
[2m19:15:04[22m [31m[1m[vite][22m[39m [31m[2m(client)[22m[39m Pre-transform error: Failed to resolve import "../lib/i18n" from "src/components/SimulationGraph.tsx". Does the file exist?
  Plugin: [35mvite:import-analysis[39m
  File: [36mF:/hackthon/frontend/src/components/SimulationGraph.tsx[39m:21:7
[33m  1  |  import { useEffect, useRef, useState } from "react";
  2  |  import { buildGraphViewModel, describeEdge, getEdgeLabelPosition, getEdgePath } from "../lib/graph";
  3  |  ...tPhaseLabel, formatRelationLabel, formatStatusLabel } from "../lib/i18n";
     |                                                                 ^
  4  |  var _jsxFileName = "F:/hackthon/frontend/src/components/SimulationGraph.tsx";
  5  |  import { jsxDEV as _jsxDEV } from "react/jsx-dev-runtime";[39m
[2m19:15:04[22m [31m[1m[vite][22m[39m [31mInternal server error: Failed to resolve import "../lib/i18n" from "src/pages/StrategyPage.tsx". Does the file exist?[39m
  Plugin: [35mvite:import-analysis[39m
  File: [36mF:/hackthon/frontend/src/pages/StrategyPage.tsx[39m:3:71
[33m  1  |  import { Link } from "react-router-dom";
  2  |  import { useDashboard } from "../hooks/useDashboard";
  3  |  import { formatAxisLabel, formatHorizonLabel, formatRuntimeMode } from "../lib/i18n";
     |                                                                          ^
  4  |  var _jsxFileName = "F:/hackthon/frontend/src/pages/StrategyPage.tsx";
  5  |  import { jsxDEV as _jsxDEV } from "react/jsx-dev-runtime";[39m
      at TransformPluginContext._formatLog (file:///F:/hackthon/frontend/node_modules/vite/dist/node/chunks/node.js:30354:39)
      at TransformPluginContext.error (file:///F:/hackthon/frontend/node_modules/vite/dist/node/chunks/node.js:30351:14)
      at normalizeUrl (file:///F:/hackthon/frontend/node_modules/vite/dist/node/chunks/node.js:27633:18)
      at async file:///F:/hackthon/frontend/node_modules/vite/dist/node/chunks/node.js:27696:30
      at async Promise.all (index 2)
      at async TransformPluginContext.transform (file:///F:/hackthon/frontend/node_modules/vite/dist/node/chunks/node.js:27664:4)
      at async EnvironmentPluginContainer.transform (file:///F:/hackthon/frontend/node_modules/vite/dist/node/chunks/node.js:30143:14)
      at async loadAndTransform (file:///F:/hackthon/frontend/node_modules/vite/dist/node/chunks/node.js:24468:26)
      at async viteTransformMiddleware (file:///F:/hackthon/frontend/node_modules/vite/dist/node/chunks/node.js:24262:20)
[2m19:15:04[22m [31m[1m[vite][22m[39m [31m[2m(client)[22m[39m [2m[console.error] [22m[vite] Failed to reload /src/pages/StrategyPage.tsx. This could be due to syntax errors or importing non-existent modules. (see errors above)
[2m19:15:04[22m [31m[1m[vite][22m[39m [31m[2m(client)[22m[39m Pre-transform error: Failed to resolve import "../lib/i18n" from "src/pages/StrategyPage.tsx". Does the file exist?
  Plugin: [35mvite:import-analysis[39m
  File: [36mF:/hackthon/frontend/src/pages/StrategyPage.tsx[39m:3:71
[33m  1  |  import { Link } from "react-router-dom";
  2  |  import { useDashboard } from "../hooks/useDashboard";
  3  |  import { formatAxisLabel, formatHorizonLabel, formatRuntimeMode } from "../lib/i18n";
     |                                                                          ^
  4  |  var _jsxFileName = "F:/hackthon/frontend/src/pages/StrategyPage.tsx";
  5  |  import { jsxDEV as _jsxDEV } from "react/jsx-dev-runtime";[39m
[2m19:15:04[22m [31m[1m[vite][22m[39m [31m[2m(client)[22m[39m Pre-transform error: Failed to resolve import "../lib/i18n" from "src/pages/StrategyPage.tsx". Does the file exist?
  Plugin: [35mvite:import-analysis[39m
  File: [36mF:/hackthon/frontend/src/pages/StrategyPage.tsx[39m:3:71
[33m  1  |  import { Link } from "react-router-dom";
  2  |  import { useDashboard } from "../hooks/useDashboard";
  3  |  import { formatAxisLabel, formatHorizonLabel, formatRuntimeMode } from "../lib/i18n";
     |                                                                          ^
  4  |  var _jsxFileName = "F:/hackthon/frontend/src/pages/StrategyPage.tsx";
  5  |  import { jsxDEV as _jsxDEV } from "react/jsx-dev-runtime";[39m
[2m19:15:04[22m [31m[1m[vite][22m[39m [31mInternal server error: Failed to resolve import "../lib/i18n" from "src/pages/PathDetailPage.tsx". Does the file exist?[39m
  Plugin: [35mvite:import-analysis[39m
  File: [36mF:/hackthon/frontend/src/pages/PathDetailPage.tsx[39m:5:90
[33m  3  |  import { SimulationGraph } from "../components/SimulationGraph";
  4  |  import { useDashboard } from "../hooks/useDashboard";
  5  |  import { formatHorizonLabel, formatRuntimeMode, formatStatusLabel, formatTimeLabel } from "../lib/i18n";
     |                                                                                             ^
  6  |  var _jsxFileName = "F:/hackthon/frontend/src/pages/PathDetailPage.tsx";
  7  |  import { jsxDEV as _jsxDEV } from "react/jsx-dev-runtime";[39m
      at TransformPluginContext._formatLog (file:///F:/hackthon/frontend/node_modules/vite/dist/node/chunks/node.js:30354:39)
      at TransformPluginContext.error (file:///F:/hackthon/frontend/node_modules/vite/dist/node/chunks/node.js:30351:14)
      at normalizeUrl (file:///F:/hackthon/frontend/node_modules/vite/dist/node/chunks/node.js:27633:18)
      at async file:///F:/hackthon/frontend/node_modules/vite/dist/node/chunks/node.js:27696:30
      at async Promise.all (index 4)
      at async TransformPluginContext.transform (file:///F:/hackthon/frontend/node_modules/vite/dist/node/chunks/node.js:27664:4)
      at async EnvironmentPluginContainer.transform (file:///F:/hackthon/frontend/node_modules/vite/dist/node/chunks/node.js:30143:14)
      at async loadAndTransform (file:///F:/hackthon/frontend/node_modules/vite/dist/node/chunks/node.js:24468:26)
      at async viteTransformMiddleware (file:///F:/hackthon/frontend/node_modules/vite/dist/node/chunks/node.js:24262:20)
[2m19:15:04[22m [31m[1m[vite][22m[39m [31m[2m(client)[22m[39m [2m[console.error] [22m[vite] Failed to reload /src/pages/PathDetailPage.tsx. This could be due to syntax errors or importing non-existent modules. (see errors above)
[2m19:15:04[22m [31m[1m[vite][22m[39m [31m[2m(client)[22m[39m Pre-transform error: Failed to resolve import "../lib/i18n" from "src/components/SimulationGraph.tsx". Does the file exist?
  Plugin: [35mvite:import-analysis[39m
  File: [36mF:/hackthon/frontend/src/components/SimulationGraph.tsx[39m:21:7
[33m  1  |  import { useEffect, useRef, useState } from "react";
  2  |  import { buildGraphViewModel, describeEdge, getEdgeLabelPosition, getEdgePath } from "../lib/graph";
  3  |  ...tPhaseLabel, formatRelationLabel, formatStatusLabel } from "../lib/i18n";
     |                                                                 ^
  4  |  var _jsxFileName = "F:/hackthon/frontend/src/components/SimulationGraph.tsx";
  5  |  import { jsxDEV as _jsxDEV } from "react/jsx-dev-runtime";[39m
[2m19:15:04[22m [31m[1m[vite][22m[39m [31m[2m(client)[22m[39m Pre-transform error: Failed to resolve import "../lib/i18n" from "src/components/SimulationGraph.tsx". Does the file exist?
  Plugin: [35mvite:import-analysis[39m
  File: [36mF:/hackthon/frontend/src/components/SimulationGraph.tsx[39m:21:7
[33m  1  |  import { useEffect, useRef, useState } from "react";
  2  |  import { buildGraphViewModel, describeEdge, getEdgeLabelPosition, getEdgePath } from "../lib/graph";
  3  |  ...tPhaseLabel, formatRelationLabel, formatStatusLabel } from "../lib/i18n";
     |                                                                 ^
  4  |  var _jsxFileName = "F:/hackthon/frontend/src/components/SimulationGraph.tsx";
  5  |  import { jsxDEV as _jsxDEV } from "react/jsx-dev-runtime";[39m
[2m19:15:04[22m [31m[1m[vite][22m[39m [31m[2m(client)[22m[39m Pre-transform error: Failed to resolve import "../lib/i18n" from "src/pages/PathDetailPage.tsx". Does the file exist?
  Plugin: [35mvite:import-analysis[39m
  File: [36mF:/hackthon/frontend/src/pages/PathDetailPage.tsx[39m:5:90
[33m  3  |  import { SimulationGraph } from "../components/SimulationGraph";
  4  |  import { useDashboard } from "../hooks/useDashboard";
  5  |  import { formatHorizonLabel, formatRuntimeMode, formatStatusLabel, formatTimeLabel } from "../lib/i18n";
     |                                                                                             ^
  6  |  var _jsxFileName = "F:/hackthon/frontend/src/pages/PathDetailPage.tsx";
  7  |  import { jsxDEV as _jsxDEV } from "react/jsx-dev-runtime";[39m
[2m19:15:04[22m [31m[1m[vite][22m[39m [31m[2m(client)[22m[39m Pre-transform error: Failed to resolve import "../lib/i18n" from "src/pages/PathDetailPage.tsx". Does the file exist?
  Plugin: [35mvite:import-analysis[39m
  File: [36mF:/hackthon/frontend/src/pages/PathDetailPage.tsx[39m:5:90
[33m  3  |  import { SimulationGraph } from "../components/SimulationGraph";
  4  |  import { useDashboard } from "../hooks/useDashboard";
  5  |  import { formatHorizonLabel, formatRuntimeMode, formatStatusLabel, formatTimeLabel } from "../lib/i18n";
     |                                                                                             ^
  6  |  var _jsxFileName = "F:/hackthon/frontend/src/pages/PathDetailPage.tsx";
  7  |  import { jsxDEV as _jsxDEV } from "react/jsx-dev-runtime";[39m
[2m19:15:04[22m [31m[1m[vite][22m[39m [31m[2m(client)[22m[39m Pre-transform error: Failed to resolve import "../lib/i18n" from "src/components/SimulationGraph.tsx". Does the file exist?
  Plugin: [35mvite:import-analysis[39m
  File: [36mF:/hackthon/frontend/src/components/SimulationGraph.tsx[39m:21:7
[33m  1  |  import { useEffect, useRef, useState } from "react";
  2  |  import { buildGraphViewModel, describeEdge, getEdgeLabelPosition, getEdgePath } from "../lib/graph";
  3  |  ...tPhaseLabel, formatRelationLabel, formatStatusLabel } from "../lib/i18n";
     |                                                                 ^
  4  |  var _jsxFileName = "F:/hackthon/frontend/src/components/SimulationGraph.tsx";
  5  |  import { jsxDEV as _jsxDEV } from "react/jsx-dev-runtime";[39m
[2m19:15:04[22m [31m[1m[vite][22m[39m [31m[2m(client)[22m[39m Pre-transform error: Failed to resolve import "../lib/i18n" from "src/components/SimulationGraph.tsx". Does the file exist?
  Plugin: [35mvite:import-analysis[39m
  File: [36mF:/hackthon/frontend/src/components/SimulationGraph.tsx[39m:21:7
[33m  1  |  import { useEffect, useRef, useState } from "react";
  2  |  import { buildGraphViewModel, describeEdge, getEdgeLabelPosition, getEdgePath } from "../lib/graph";
  3  |  ...tPhaseLabel, formatRelationLabel, formatStatusLabel } from "../lib/i18n";
     |                                                                 ^
  4  |  var _jsxFileName = "F:/hackthon/frontend/src/components/SimulationGraph.tsx";
  5  |  import { jsxDEV as _jsxDEV } from "react/jsx-dev-runtime";[39m
[2m19:16:57[22m [31m[1m[vite][22m[39m [31m[2m(client)[22m[39m Pre-transform error: Failed to resolve import "../lib/i18n" from "src/components/SystemChrome.tsx". Does the file exist?
  Plugin: [35mvite:import-analysis[39m
  File: [36mF:/hackthon/frontend/src/components/SystemChrome.tsx[39m:3:34
[33m  1  |  import { Link, NavLink } from "react-router-dom";
  2  |  import { formatStatusLabel } from "../lib/i18n";
     |                                     ^
  3  |  var _jsxFileName = "F:/hackthon/frontend/src/components/SystemChrome.tsx";
  4  |  import { jsxDEV as _jsxDEV } from "react/jsx-dev-runtime";[39m
[2m19:16:57[22m [31m[1m[vite][22m[39m [31m[2m(client)[22m[39m Pre-transform error: Failed to resolve import "../lib/i18n" from "src/components/SystemChrome.tsx". Does the file exist?
  Plugin: [35mvite:import-analysis[39m
  File: [36mF:/hackthon/frontend/src/components/SystemChrome.tsx[39m:3:34
[33m  1  |  import { Link, NavLink } from "react-router-dom";
  2  |  import { formatStatusLabel } from "../lib/i18n";
     |                                     ^
  3  |  var _jsxFileName = "F:/hackthon/frontend/src/components/SystemChrome.tsx";
  4  |  import { jsxDEV as _jsxDEV } from "react/jsx-dev-runtime";[39m
[2m19:16:57[22m [31m[1m[vite][22m[39m [31m[2m(client)[22m[39m [2m[console.error] [22m[vite] Failed to reload /src/App.tsx. This could be due to syntax errors or importing non-existent modules. (see errors above)
[2m19:16:57[22m [31m[1m[vite][22m[39m [31mInternal server error: Failed to resolve import "../lib/i18n" from "src/pages/StrategyPage.tsx". Does the file exist?[39m
  Plugin: [35mvite:import-analysis[39m
  File: [36mF:/hackthon/frontend/src/pages/StrategyPage.tsx[39m:3:71
[33m  1  |  import { Link } from "react-router-dom";
  2  |  import { useDashboard } from "../hooks/useDashboard";
  3  |  import { formatAxisLabel, formatHorizonLabel, formatRuntimeMode } from "../lib/i18n";
     |                                                                          ^
  4  |  var _jsxFileName = "F:/hackthon/frontend/src/pages/StrategyPage.tsx";
  5  |  import { jsxDEV as _jsxDEV } from "react/jsx-dev-runtime";[39m
      at TransformPluginContext._formatLog (file:///F:/hackthon/frontend/node_modules/vite/dist/node/chunks/node.js:30354:39)
      at TransformPluginContext.error (file:///F:/hackthon/frontend/node_modules/vite/dist/node/chunks/node.js:30351:14)
      at normalizeUrl (file:///F:/hackthon/frontend/node_modules/vite/dist/node/chunks/node.js:27633:18)
      at async file:///F:/hackthon/frontend/node_modules/vite/dist/node/chunks/node.js:27696:30
      at async Promise.all (index 2)
      at async TransformPluginContext.transform (file:///F:/hackthon/frontend/node_modules/vite/dist/node/chunks/node.js:27664:4)
      at async EnvironmentPluginContainer.transform (file:///F:/hackthon/frontend/node_modules/vite/dist/node/chunks/node.js:30143:14)
      at async loadAndTransform (file:///F:/hackthon/frontend/node_modules/vite/dist/node/chunks/node.js:24468:26)
[2m19:16:57[22m [31m[1m[vite][22m[39m [31m[2m(client)[22m[39m Pre-transform error: Failed to resolve import "../lib/i18n" from "src/pages/StrategyPage.tsx". Does the file exist?
  Plugin: [35mvite:import-analysis[39m
  File: [36mF:/hackthon/frontend/src/pages/StrategyPage.tsx[39m:3:71
[33m  1  |  import { Link } from "react-router-dom";
  2  |  import { useDashboard } from "../hooks/useDashboard";
  3  |  import { formatAxisLabel, formatHorizonLabel, formatRuntimeMode } from "../lib/i18n";
     |                                                                          ^
  4  |  var _jsxFileName = "F:/hackthon/frontend/src/pages/StrategyPage.tsx";
  5  |  import { jsxDEV as _jsxDEV } from "react/jsx-dev-runtime";[39m
[2m19:16:57[22m [31m[1m[vite][22m[39m [31m[2m(client)[22m[39m Pre-transform error: Failed to resolve import "../lib/i18n" from "src/pages/StrategyPage.tsx". Does the file exist?
  Plugin: [35mvite:import-analysis[39m
  File: [36mF:/hackthon/frontend/src/pages/StrategyPage.tsx[39m:3:71
[33m  1  |  import { Link } from "react-router-dom";
  2  |  import { useDashboard } from "../hooks/useDashboard";
  3  |  import { formatAxisLabel, formatHorizonLabel, formatRuntimeMode } from "../lib/i18n";
     |                                                                          ^
  4  |  var _jsxFileName = "F:/hackthon/frontend/src/pages/StrategyPage.tsx";
  5  |  import { jsxDEV as _jsxDEV } from "react/jsx-dev-runtime";[39m
[2m19:16:57[22m [31m[1m[vite][22m[39m [31mInternal server error: Failed to resolve import "../lib/i18n" from "src/pages/LandingPage.tsx". Does the file exist?[39m
  Plugin: [35mvite:import-analysis[39m
  File: [36mF:/hackthon/frontend/src/pages/LandingPage.tsx[39m:3:55
[33m  1  |  import { Link } from "react-router-dom";
  2  |  import { useDashboard } from "../hooks/useDashboard";
  3  |  import { formatProviderLabel, formatRuntimeMode } from "../lib/i18n";
     |                                                          ^
  4  |  var _jsxFileName = "F:/hackthon/frontend/src/pages/LandingPage.tsx";
  5  |  import { jsxDEV as _jsxDEV } from "react/jsx-dev-runtime";[39m
      at TransformPluginContext._formatLog (file:///F:/hackthon/frontend/node_modules/vite/dist/node/chunks/node.js:30354:39)
      at TransformPluginContext.error (file:///F:/hackthon/frontend/node_modules/vite/dist/node/chunks/node.js:30351:14)
      at normalizeUrl (file:///F:/hackthon/frontend/node_modules/vite/dist/node/chunks/node.js:27633:18)
      at async file:///F:/hackthon/frontend/node_modules/vite/dist/node/chunks/node.js:27696:30
      at async Promise.all (index 2)
      at async TransformPluginContext.transform (file:///F:/hackthon/frontend/node_modules/vite/dist/node/chunks/node.js:27664:4)
      at async EnvironmentPluginContainer.transform (file:///F:/hackthon/frontend/node_modules/vite/dist/node/chunks/node.js:30143:14)
      at async loadAndTransform (file:///F:/hackthon/frontend/node_modules/vite/dist/node/chunks/node.js:24468:26)
[2m19:16:57[22m [31m[1m[vite][22m[39m [31m[2m(client)[22m[39m Pre-transform error: Failed to resolve import "../lib/i18n" from "src/pages/LandingPage.tsx". Does the file exist?
  Plugin: [35mvite:import-analysis[39m
  File: [36mF:/hackthon/frontend/src/pages/LandingPage.tsx[39m:3:55
[33m  1  |  import { Link } from "react-router-dom";
  2  |  import { useDashboard } from "../hooks/useDashboard";
  3  |  import { formatProviderLabel, formatRuntimeMode } from "../lib/i18n";
     |                                                          ^
  4  |  var _jsxFileName = "F:/hackthon/frontend/src/pages/LandingPage.tsx";
  5  |  import { jsxDEV as _jsxDEV } from "react/jsx-dev-runtime";[39m
[2m19:16:57[22m [31m[1m[vite][22m[39m [31m[2m(client)[22m[39m Pre-transform error: Failed to resolve import "../lib/i18n" from "src/pages/LandingPage.tsx". Does the file exist?
  Plugin: [35mvite:import-analysis[39m
  File: [36mF:/hackthon/frontend/src/pages/LandingPage.tsx[39m:3:55
[33m  1  |  import { Link } from "react-router-dom";
  2  |  import { useDashboard } from "../hooks/useDashboard";
  3  |  import { formatProviderLabel, formatRuntimeMode } from "../lib/i18n";
     |                                                          ^
  4  |  var _jsxFileName = "F:/hackthon/frontend/src/pages/LandingPage.tsx";
  5  |  import { jsxDEV as _jsxDEV } from "react/jsx-dev-runtime";[39m
[2m19:16:57[22m [31m[1m[vite][22m[39m [31m[2m(client)[22m[39m [31m[Unhandled error] [1mError[22m: useDashboard must be used inside DashboardProvider
[39m > useDashboard src/hooks/useDashboard.tsx:100:10
    98  |    const value = useContext(DashboardContext)
    99  |    if (!value) {
    100 |      throw new Error('useDashboard must be used inside DashboardProvider')
        |            ^
    101 |    }
    102 |    return value
 > Shell src/App.tsx:12:67
 > Object.react_stack_bottom_frame node_modules/react-dom/cjs/react-dom-client.development.js:25904:19
 > renderWithHooks node_modules/react-dom/cjs/react-dom-client.development.js:7662:21
 > updateFunctionComponent node_modules/react-dom/cjs/react-dom-client.development.js:10166:18
 > beginWork node_modules/react-dom/cjs/react-dom-client.development.js:11778:17
 > runWithFiberInDEV node_modules/react-dom/cjs/react-dom-client.development.js:871:29
 > performUnitOfWork node_modules/react-dom/cjs/react-dom-client.development.js:17641:21
 > workLoopSync node_modules/react-dom/cjs/react-dom-client.development.js:17469:40
 > renderRootSync node_modules/react-dom/cjs/react-dom-client.development.js:17450:10

[2m19:16:57[22m [33m[1m[vite][22m[39m [33m[2m(client)[22m[39m [2m[console.warn] [22mAn error occurred in the <Shell> component.

Consider adding an error boundary to your tree to customize error handling behavior.
Visit https://react.dev/link/error-boundaries to learn more about error boundaries.

[2m19:16:57[22m [31m[1m[vite][22m[39m [31mInternal server error: Failed to resolve import "../lib/i18n" from "src/pages/SimulationPage.tsx". Does the file exist?[39m
  Plugin: [35mvite:import-analysis[39m
  File: [36mF:/hackthon/frontend/src/pages/SimulationPage.tsx[39m:4:51
[33m  2  |  import { SimulationGraph } from "../components/SimulationGraph";
  3  |  import { useDashboard } from "../hooks/useDashboard";
  4  |  import { formatAxisLabel, formatRuntimeMode } from "../lib/i18n";
     |                                                      ^
  5  |  var _jsxFileName = "F:/hackthon/frontend/src/pages/SimulationPage.tsx";
  6  |  import { jsxDEV as _jsxDEV } from "react/jsx-dev-runtime";[39m
      at TransformPluginContext._formatLog (file:///F:/hackthon/frontend/node_modules/vite/dist/node/chunks/node.js:30354:39)
      at TransformPluginContext.error (file:///F:/hackthon/frontend/node_modules/vite/dist/node/chunks/node.js:30351:14)
      at normalizeUrl (file:///F:/hackthon/frontend/node_modules/vite/dist/node/chunks/node.js:27633:18)
      at async file:///F:/hackthon/frontend/node_modules/vite/dist/node/chunks/node.js:27696:30
      at async Promise.all (index 3)
      at async TransformPluginContext.transform (file:///F:/hackthon/frontend/node_modules/vite/dist/node/chunks/node.js:27664:4)
      at async EnvironmentPluginContainer.transform (file:///F:/hackthon/frontend/node_modules/vite/dist/node/chunks/node.js:30143:14)
      at async loadAndTransform (file:///F:/hackthon/frontend/node_modules/vite/dist/node/chunks/node.js:24468:26)
[2m19:16:57[22m [31m[1m[vite][22m[39m [31m[2m(client)[22m[39m Pre-transform error: Failed to resolve import "../lib/i18n" from "src/pages/SimulationPage.tsx". Does the file exist?
  Plugin: [35mvite:import-analysis[39m
  File: [36mF:/hackthon/frontend/src/pages/SimulationPage.tsx[39m:4:51
[33m  2  |  import { SimulationGraph } from "../components/SimulationGraph";
  3  |  import { useDashboard } from "../hooks/useDashboard";
  4  |  import { formatAxisLabel, formatRuntimeMode } from "../lib/i18n";
     |                                                      ^
  5  |  var _jsxFileName = "F:/hackthon/frontend/src/pages/SimulationPage.tsx";
  6  |  import { jsxDEV as _jsxDEV } from "react/jsx-dev-runtime";[39m
[2m19:16:57[22m [31m[1m[vite][22m[39m [31m[2m(client)[22m[39m Pre-transform error: Failed to resolve import "../lib/i18n" from "src/pages/SimulationPage.tsx". Does the file exist?
  Plugin: [35mvite:import-analysis[39m
  File: [36mF:/hackthon/frontend/src/pages/SimulationPage.tsx[39m:4:51
[33m  2  |  import { SimulationGraph } from "../components/SimulationGraph";
  3  |  import { useDashboard } from "../hooks/useDashboard";
  4  |  import { formatAxisLabel, formatRuntimeMode } from "../lib/i18n";
     |                                                      ^
  5  |  var _jsxFileName = "F:/hackthon/frontend/src/pages/SimulationPage.tsx";
  6  |  import { jsxDEV as _jsxDEV } from "react/jsx-dev-runtime";[39m
[2m19:16:57[22m [31m[1m[vite][22m[39m [31mInternal server error: Failed to resolve import "../lib/i18n" from "src/pages/PathDetailPage.tsx". Does the file exist?[39m
  Plugin: [35mvite:import-analysis[39m
  File: [36mF:/hackthon/frontend/src/pages/PathDetailPage.tsx[39m:5:90
[33m  3  |  import { SimulationGraph } from "../components/SimulationGraph";
  4  |  import { useDashboard } from "../hooks/useDashboard";
  5  |  import { formatHorizonLabel, formatRuntimeMode, formatStatusLabel, formatTimeLabel } from "../lib/i18n";
     |                                                                                             ^
  6  |  var _jsxFileName = "F:/hackthon/frontend/src/pages/PathDetailPage.tsx";
  7  |  import { jsxDEV as _jsxDEV } from "react/jsx-dev-runtime";[39m
      at TransformPluginContext._formatLog (file:///F:/hackthon/frontend/node_modules/vite/dist/node/chunks/node.js:30354:39)
      at TransformPluginContext.error (file:///F:/hackthon/frontend/node_modules/vite/dist/node/chunks/node.js:30351:14)
      at normalizeUrl (file:///F:/hackthon/frontend/node_modules/vite/dist/node/chunks/node.js:27633:18)
      at async file:///F:/hackthon/frontend/node_modules/vite/dist/node/chunks/node.js:27696:30
      at async Promise.all (index 4)
      at async TransformPluginContext.transform (file:///F:/hackthon/frontend/node_modules/vite/dist/node/chunks/node.js:27664:4)
      at async EnvironmentPluginContainer.transform (file:///F:/hackthon/frontend/node_modules/vite/dist/node/chunks/node.js:30143:14)
      at async loadAndTransform (file:///F:/hackthon/frontend/node_modules/vite/dist/node/chunks/node.js:24468:26)
[2m19:16:57[22m [31m[1m[vite][22m[39m [31m[2m(client)[22m[39m Pre-transform error: Failed to resolve import "../lib/i18n" from "src/pages/PathDetailPage.tsx". Does the file exist?
  Plugin: [35mvite:import-analysis[39m
  File: [36mF:/hackthon/frontend/src/pages/PathDetailPage.tsx[39m:5:90
[33m  3  |  import { SimulationGraph } from "../components/SimulationGraph";
  4  |  import { useDashboard } from "../hooks/useDashboard";
  5  |  import { formatHorizonLabel, formatRuntimeMode, formatStatusLabel, formatTimeLabel } from "../lib/i18n";
     |                                                                                             ^
  6  |  var _jsxFileName = "F:/hackthon/frontend/src/pages/PathDetailPage.tsx";
  7  |  import { jsxDEV as _jsxDEV } from "react/jsx-dev-runtime";[39m
[2m19:16:57[22m [31m[1m[vite][22m[39m [31m[2m(client)[22m[39m Pre-transform error: Failed to resolve import "../lib/i18n" from "src/pages/PathDetailPage.tsx". Does the file exist?
  Plugin: [35mvite:import-analysis[39m
  File: [36mF:/hackthon/frontend/src/pages/PathDetailPage.tsx[39m:5:90
[33m  3  |  import { SimulationGraph } from "../components/SimulationGraph";
  4  |  import { useDashboard } from "../hooks/useDashboard";
  5  |  import { formatHorizonLabel, formatRuntimeMode, formatStatusLabel, formatTimeLabel } from "../lib/i18n";
     |                                                                                             ^
  6  |  var _jsxFileName = "F:/hackthon/frontend/src/pages/PathDetailPage.tsx";
  7  |  import { jsxDEV as _jsxDEV } from "react/jsx-dev-runtime";[39m
[2m19:16:57[22m [31m[1m[vite][22m[39m [31m[2m(client)[22m[39m Pre-transform error: Failed to resolve import "../lib/i18n" from "src/components/SimulationGraph.tsx". Does the file exist?
  Plugin: [35mvite:import-analysis[39m
  File: [36mF:/hackthon/frontend/src/components/SimulationGraph.tsx[39m:21:7
[33m  1  |  import { useEffect, useRef, useState } from "react";
  2  |  import { buildGraphViewModel, describeEdge, getEdgeLabelPosition, getEdgePath } from "../lib/graph";
  3  |  ...tPhaseLabel, formatRelationLabel, formatStatusLabel } from "../lib/i18n";
     |                                                                 ^
  4  |  var _jsxFileName = "F:/hackthon/frontend/src/components/SimulationGraph.tsx";
  5  |  import { jsxDEV as _jsxDEV } from "react/jsx-dev-runtime";[39m
[2m19:16:57[22m [31m[1m[vite][22m[39m [31m[2m(client)[22m[39m Pre-transform error: Failed to resolve import "../lib/i18n" from "src/components/SimulationGraph.tsx". Does the file exist?
  Plugin: [35mvite:import-analysis[39m
  File: [36mF:/hackthon/frontend/src/components/SimulationGraph.tsx[39m:21:7
[33m  1  |  import { useEffect, useRef, useState } from "react";
  2  |  import { buildGraphViewModel, describeEdge, getEdgeLabelPosition, getEdgePath } from "../lib/graph";
  3  |  ...tPhaseLabel, formatRelationLabel, formatStatusLabel } from "../lib/i18n";
     |                                                                 ^
  4  |  var _jsxFileName = "F:/hackthon/frontend/src/components/SimulationGraph.tsx";
  5  |  import { jsxDEV as _jsxDEV } from "react/jsx-dev-runtime";[39m
[2m19:16:57[22m [31m[1m[vite][22m[39m [31m[2m(client)[22m[39m Pre-transform error: Failed to resolve import "../lib/i18n" from "src/components/SimulationGraph.tsx". Does the file exist?
  Plugin: [35mvite:import-analysis[39m
  File: [36mF:/hackthon/frontend/src/components/SimulationGraph.tsx[39m:21:7
[33m  1  |  import { useEffect, useRef, useState } from "react";
  2  |  import { buildGraphViewModel, describeEdge, getEdgeLabelPosition, getEdgePath } from "../lib/graph";
  3  |  ...tPhaseLabel, formatRelationLabel, formatStatusLabel } from "../lib/i18n";
     |                                                                 ^
  4  |  var _jsxFileName = "F:/hackthon/frontend/src/components/SimulationGraph.tsx";
  5  |  import { jsxDEV as _jsxDEV } from "react/jsx-dev-runtime";[39m
[2m19:18:58[22m [31m[1m[vite][22m[39m [31m[2m(client)[22m[39m [31m[Unhandled error] [1mError[22m: useDashboard must be used inside DashboardProvider
[39m > useDashboard src/hooks/useDashboard.tsx:100:10
    98  |    const value = useContext(DashboardContext)
    99  |    if (!value) {
    100 |      throw new Error('useDashboard must be used inside DashboardProvider')
        |            ^
    101 |    }
    102 |    return value
 > Shell src/App.tsx:12:67
 > Object.react_stack_bottom_frame node_modules/react-dom/cjs/react-dom-client.development.js:25904:19
 > renderWithHooks node_modules/react-dom/cjs/react-dom-client.development.js:7662:21
 > updateFunctionComponent node_modules/react-dom/cjs/react-dom-client.development.js:10166:18
 > beginWork node_modules/react-dom/cjs/react-dom-client.development.js:11778:17
 > runWithFiberInDEV node_modules/react-dom/cjs/react-dom-client.development.js:871:29
 > performUnitOfWork node_modules/react-dom/cjs/react-dom-client.development.js:17641:21
 > workLoopSync node_modules/react-dom/cjs/react-dom-client.development.js:17469:40
 > renderRootSync node_modules/react-dom/cjs/react-dom-client.development.js:17450:10

[2m19:18:58[22m [33m[1m[vite][22m[39m [33m[2m(client)[22m[39m [2m[console.warn] [22mAn error occurred in the <Shell> component.

Consider adding an error boundary to your tree to customize error handling behavior.
Visit https://react.dev/link/error-boundaries to learn more about error boundaries.

[2m19:19:09[22m [31m[1m[vite][22m[39m [31m[2m(client)[22m[39m [2m[console.error] [22m[vite] Failed to reload /src/components/SystemChrome.tsx. This could be due to syntax errors or importing non-existent modules. (see errors above)
[2m19:20:12[22m [31m[1m[vite][22m[39m [31m[2m(client)[22m[39m [31m[Unhandled error] [1mError[22m: useDashboard must be used inside DashboardProvider
[39m > useDashboard src/hooks/useDashboard.tsx:100:10
    98  |    const value = useContext(DashboardContext)
    99  |    if (!value) {
    100 |      throw new Error('useDashboard must be used inside DashboardProvider')
        |            ^
    101 |    }
    102 |    return value
 > Shell src/App.tsx:12:67
 > Object.react_stack_bottom_frame node_modules/react-dom/cjs/react-dom-client.development.js:25904:19
 > renderWithHooks node_modules/react-dom/cjs/react-dom-client.development.js:7662:21
 > updateFunctionComponent node_modules/react-dom/cjs/react-dom-client.development.js:10166:18
 > beginWork node_modules/react-dom/cjs/react-dom-client.development.js:11778:17
 > runWithFiberInDEV node_modules/react-dom/cjs/react-dom-client.development.js:871:29
 > performUnitOfWork node_modules/react-dom/cjs/react-dom-client.development.js:17641:21
 > workLoopSync node_modules/react-dom/cjs/react-dom-client.development.js:17469:40
 > renderRootSync node_modules/react-dom/cjs/react-dom-client.development.js:17450:10

[2m19:20:12[22m [33m[1m[vite][22m[39m [33m[2m(client)[22m[39m [2m[console.warn] [22mAn error occurred in the <Shell> component.

Consider adding an error boundary to your tree to customize error handling behavior.
Visit https://react.dev/link/error-boundaries to learn more about error boundaries.

[2m19:20:22[22m [31m[1m[vite][22m[39m [31m[2m(client)[22m[39m [2m[console.error] [22m[vite] Failed to reload /src/pages/LandingPage.tsx. This could be due to syntax errors or importing non-existent modules. (see errors above)
[2m19:21:58[22m [31m[1m[vite][22m[39m [31m[2m(client)[22m[39m [31m[Unhandled error] [1mError[22m: useDashboard must be used inside DashboardProvider
[39m > useDashboard src/hooks/useDashboard.tsx:100:10
    98  |    const value = useContext(DashboardContext)
    99  |    if (!value) {
    100 |      throw new Error('useDashboard must be used inside DashboardProvider')
        |            ^
    101 |    }
    102 |    return value
 > Shell src/App.tsx:12:67
 > Object.react_stack_bottom_frame node_modules/react-dom/cjs/react-dom-client.development.js:25904:19
 > renderWithHooks node_modules/react-dom/cjs/react-dom-client.development.js:7662:21
 > updateFunctionComponent node_modules/react-dom/cjs/react-dom-client.development.js:10166:18
 > beginWork node_modules/react-dom/cjs/react-dom-client.development.js:11778:17
 > runWithFiberInDEV node_modules/react-dom/cjs/react-dom-client.development.js:871:29
 > performUnitOfWork node_modules/react-dom/cjs/react-dom-client.development.js:17641:21
 > workLoopSync node_modules/react-dom/cjs/react-dom-client.development.js:17469:40
 > renderRootSync node_modules/react-dom/cjs/react-dom-client.development.js:17450:10

[2m19:21:58[22m [33m[1m[vite][22m[39m [33m[2m(client)[22m[39m [2m[console.warn] [22mAn error occurred in the <Shell> component.

Consider adding an error boundary to your tree to customize error handling behavior.
Visit https://react.dev/link/error-boundaries to learn more about error boundaries.

[2m19:22:09[22m [31m[1m[vite][22m[39m [31m[2m(client)[22m[39m [2m[console.error] [22m[vite] Failed to reload /src/pages/SimulationPage.tsx. This could be due to syntax errors or importing non-existent modules. (see errors above)
[2m19:23:26[22m [31m[1m[vite][22m[39m [31m[2m(client)[22m[39m [31m[Unhandled error] [1mError[22m: useDashboard must be used inside DashboardProvider
[39m > useDashboard src/hooks/useDashboard.tsx:100:10
    98  |    const value = useContext(DashboardContext)
    99  |    if (!value) {
    100 |      throw new Error('useDashboard must be used inside DashboardProvider')
        |            ^
    101 |    }
    102 |    return value
 > Shell src/App.tsx:12:67
 > Object.react_stack_bottom_frame node_modules/react-dom/cjs/react-dom-client.development.js:25904:19
 > renderWithHooks node_modules/react-dom/cjs/react-dom-client.development.js:7662:21
 > updateFunctionComponent node_modules/react-dom/cjs/react-dom-client.development.js:10166:18
 > beginWork node_modules/react-dom/cjs/react-dom-client.development.js:11778:17
 > runWithFiberInDEV node_modules/react-dom/cjs/react-dom-client.development.js:871:29
 > performUnitOfWork node_modules/react-dom/cjs/react-dom-client.development.js:17641:21
 > workLoopSync node_modules/react-dom/cjs/react-dom-client.development.js:17469:40
 > renderRootSync node_modules/react-dom/cjs/react-dom-client.development.js:17450:10

[2m19:23:26[22m [33m[1m[vite][22m[39m [33m[2m(client)[22m[39m [2m[console.warn] [22mAn error occurred in the <Shell> component.

Consider adding an error boundary to your tree to customize error handling behavior.
Visit https://react.dev/link/error-boundaries to learn more about error boundaries.

[2m19:23:34[22m [31m[1m[vite][22m[39m [31m[2m(client)[22m[39m [2m[console.error] [22m[vite] Failed to reload /src/pages/StrategyPage.tsx. This could be due to syntax errors or importing non-existent modules. (see errors above)
[2m19:25:03[22m [31m[1m[vite][22m[39m [31m[2m(client)[22m[39m [31m[Unhandled error] [1mError[22m: useDashboard must be used inside DashboardProvider
[39m > useDashboard src/hooks/useDashboard.tsx:100:10
    98  |    const value = useContext(DashboardContext)
    99  |    if (!value) {
    100 |      throw new Error('useDashboard must be used inside DashboardProvider')
        |            ^
    101 |    }
    102 |    return value
 > Shell src/App.tsx:12:67
 > Object.react_stack_bottom_frame node_modules/react-dom/cjs/react-dom-client.development.js:25904:19
 > renderWithHooks node_modules/react-dom/cjs/react-dom-client.development.js:7662:21
 > updateFunctionComponent node_modules/react-dom/cjs/react-dom-client.development.js:10166:18
 > beginWork node_modules/react-dom/cjs/react-dom-client.development.js:11778:17
 > runWithFiberInDEV node_modules/react-dom/cjs/react-dom-client.development.js:871:29
 > performUnitOfWork node_modules/react-dom/cjs/react-dom-client.development.js:17641:21
 > workLoopSync node_modules/react-dom/cjs/react-dom-client.development.js:17469:40
 > renderRootSync node_modules/react-dom/cjs/react-dom-client.development.js:17450:10

[2m19:25:03[22m [33m[1m[vite][22m[39m [33m[2m(client)[22m[39m [2m[console.warn] [22mAn error occurred in the <Shell> component.

Consider adding an error boundary to your tree to customize error handling behavior.
Visit https://react.dev/link/error-boundaries to learn more about error boundaries.

[2m19:25:10[22m [31m[1m[vite][22m[39m [31m[2m(client)[22m[39m [2m[console.error] [22m[vite] Failed to reload /src/pages/PathDetailPage.tsx. This could be due to syntax errors or importing non-existent modules. (see errors above)
[2m19:26:45[22m [31m[1m[vite][22m[39m [31m[2m(client)[22m[39m [31m[Unhandled error] [1mError[22m: useDashboard must be used inside DashboardProvider
[39m > useDashboard src/hooks/useDashboard.tsx:100:10
    98  |    const value = useContext(DashboardContext)
    99  |    if (!value) {
    100 |      throw new Error('useDashboard must be used inside DashboardProvider')
        |            ^
    101 |    }
    102 |    return value
 > Shell src/App.tsx:12:67
 > Object.react_stack_bottom_frame node_modules/react-dom/cjs/react-dom-client.development.js:25904:19
 > renderWithHooks node_modules/react-dom/cjs/react-dom-client.development.js:7662:21
 > updateFunctionComponent node_modules/react-dom/cjs/react-dom-client.development.js:10166:18
 > beginWork node_modules/react-dom/cjs/react-dom-client.development.js:11778:17
 > runWithFiberInDEV node_modules/react-dom/cjs/react-dom-client.development.js:871:29
 > performUnitOfWork node_modules/react-dom/cjs/react-dom-client.development.js:17641:21
 > workLoopSync node_modules/react-dom/cjs/react-dom-client.development.js:17469:40
 > renderRootSync node_modules/react-dom/cjs/react-dom-client.development.js:17450:10

[2m19:26:45[22m [33m[1m[vite][22m[39m [33m[2m(client)[22m[39m [2m[console.warn] [22mAn error occurred in the <Shell> component.

Consider adding an error boundary to your tree to customize error handling behavior.
Visit https://react.dev/link/error-boundaries to learn more about error boundaries.

[2m19:55:27[22m [31m[1m[vite][22m[39m [31m[2m(client)[22m[39m [2m[console.error] [22mReceived NaN for the `x` attribute. If this is expected, cast the value to a string.
[2m19:55:27[22m [31m[1m[vite][22m[39m [31m[2m(client)[22m[39m [2m[console.error] [22mReceived NaN for the `y` attribute. If this is expected, cast the value to a string.
[2m20:37:28[22m [31m[1m[vite][22m[39m [31m[2m(client)[22m[39m Pre-transform error: Failed to load url /src/lib/graph.ts (resolved id: F:/hackthon/frontend/src/lib/graph.ts) in F:/hackthon/frontend/src/components/SimulationGraph.tsx. Does the file exist?
[2m20:37:28[22m [31m[1m[vite][22m[39m [31m[2m(client)[22m[39m [2m[console.error] [22m[vite] Failed to reload /src/components/SimulationGraph.tsx. This could be due to syntax errors or importing non-existent modules. (see errors above)
